<?xml version="1.0" encoding="UTF-8"?>
<!-- Generated by org.testng.reporters.JUnitReportReporter -->
<testsuite skipped="0" hostname="GC-lenovo" name="homepagetest.TestMenu" tests="1" failures="0" timestamp="28 Apr 2018 19:23:29 GMT" time="12.881" errors="0">
  <testcase name="testMenu" time="12.881" classname="homepagetest.TestMenu"/>
</testsuite> <!-- homepagetest.TestMenu -->
