<?xml version="1.0" encoding="UTF-8"?>
<!-- Generated by org.testng.reporters.JUnitReportReporter -->
<testsuite skipped="0" hostname="GC-lenovo" name="homepagetest.TestSearch" tests="2" failures="0" timestamp="28 Apr 2018 19:23:29 GMT" time="57.126" errors="0">
  <testcase name="search" time="16.065" classname="homepagetest.TestSearch"/>
  <testcase name="testSeartch" time="41.061" classname="homepagetest.TestSearch"/>
</testsuite> <!-- homepagetest.TestSearch -->
