<?xml version="1.0" encoding="UTF-8"?>
<!-- Generated by org.testng.reporters.JUnitReportReporter -->
<testsuite skipped="0" hostname="GC-lenovo" name="homepagetest.TestSearch" tests="2" failures="0" timestamp="28 Apr 2018 23:04:01 GMT" time="36.115" errors="0">
  <testcase name="testSeartch" time="20.868" classname="homepagetest.TestSearch"/>
  <testcase name="search" time="15.247" classname="homepagetest.TestSearch"/>
</testsuite> <!-- homepagetest.TestSearch -->
