<?xml version="1.0" encoding="UTF-8"?>
<!-- Generated by org.testng.reporters.JUnitReportReporter -->
<testsuite skipped="0" hostname="GC-lenovo" name="homepagetest.TestSearch" tests="2" failures="0" timestamp="28 Apr 2018 23:13:31 GMT" time="58.397" errors="0">
  <testcase name="testSeartch" time="42.382" classname="homepagetest.TestSearch"/>
  <testcase name="search" time="16.015" classname="homepagetest.TestSearch"/>
</testsuite> <!-- homepagetest.TestSearch -->
