<?xml version="1.0" encoding="UTF-8"?>
<!-- Generated by org.testng.reporters.JUnitReportReporter -->
<testsuite skipped="0" hostname="GC-lenovo" name="search.TestSearch" tests="2" failures="0" timestamp="28 Apr 2018 18:35:16 GMT" time="58.026" errors="0">
  <testcase name="search" time="15.850" classname="search.TestSearch"/>
  <testcase name="testSeartch" time="42.176" classname="search.TestSearch"/>
</testsuite> <!-- search.TestSearch -->
