<?xml version="1.0" encoding="UTF-8"?>
<!-- Generated by org.testng.reporters.JUnitReportReporter -->
<testsuite skipped="0" hostname="GC-lenovo" name="homepagetest.HomePageTests" tests="1" failures="0" timestamp="28 Apr 2018 18:35:16 GMT" time="14.111" errors="0">
  <testcase name="testMenu" time="14.111" classname="homepagetest.HomePageTests"/>
</testsuite> <!-- homepagetest.HomePageTests -->
