<?xml version="1.0" encoding="UTF-8"?>
<!-- Generated by org.testng.reporters.JUnitReportReporter -->
<testsuite skipped="0" hostname="DESKTOP-H4MFR2P" name="linktext.HandleLinkText" tests="1" failures="0" timestamp="28 Apr 2018 19:33:50 GMT" time="37.683" errors="0">
  <testcase name="linkText" time="37.683" classname="linktext.HandleLinkText"/>
</testsuite> <!-- linktext.HandleLinkText -->
