<?xml version="1.0" encoding="UTF-8"?>
<!-- Generated by org.testng.reporters.JUnitReportReporter -->
<testsuite skipped="0" hostname="DESKTOP-H4MFR2P" name="linktext.HandleLinkText" tests="1" failures="0" timestamp="28 Apr 2018 18:54:44 GMT" time="38.076" errors="0">
  <testcase name="linkText" time="38.076" classname="linktext.HandleLinkText"/>
</testsuite> <!-- linktext.HandleLinkText -->
