<?xml version="1.0" encoding="UTF-8"?>
<!-- Generated by org.testng.reporters.JUnitReportReporter -->
<testsuite skipped="0" hostname="DESKTOP-H4MFR2P" name="home.TestSearchOptions" tests="1" failures="0" timestamp="28 Apr 2018 18:54:44 GMT" time="66.987" errors="0">
  <testcase name="search" time="66.987" classname="home.TestSearchOptions"/>
</testsuite> <!-- home.TestSearchOptions -->
