<?xml version="1.0" encoding="UTF-8"?>
<!-- Generated by org.testng.reporters.JUnitReportReporter -->
<testsuite skipped="0" hostname="DESKTOP-H4MFR2P" name="authentication.TestPopUpWindow" tests="1" failures="0" timestamp="28 Apr 2018 19:33:50 GMT" time="26.417" errors="0">
  <testcase name="testPopUp" time="26.417" classname="authentication.TestPopUpWindow"/>
</testsuite> <!-- authentication.TestPopUpWindow -->
